{"E:\\library_management_api\\src\\app.js": {"path":"E:\\library_management_api\\src\\app.js","statementMap":{"0":{"start":{"line":1,"column":16},"end":{"line":1,"column":34}},"1":{"start":{"line":2,"column":13},"end":{"line":2,"column":28}},"2":{"start":{"line":3,"column":15},"end":{"line":3,"column":32}},"3":{"start":{"line":4,"column":19},"end":{"line":4,"column":41}},"4":{"start":{"line":5,"column":22},"end":{"line":5,"column":41}},"5":{"start":{"line":8,"column":19},"end":{"line":8,"column":50}},"6":{"start":{"line":9,"column":24},"end":{"line":9,"column":60}},"7":{"start":{"line":10,"column":21},"end":{"line":10,"column":54}},"8":{"start":{"line":12,"column":19},"end":{"line":12,"column":50}},"9":{"start":{"line":16,"column":12},"end":{"line":16,"column":21}},"10":{"start":{"line":19,"column":0},"end":{"line":19,"column":16}},"11":{"start":{"line":20,"column":0},"end":{"line":20,"column":23}},"12":{"start":{"line":21,"column":0},"end":{"line":21,"column":24}},"13":{"start":{"line":22,"column":0},"end":{"line":22,"column":48}},"14":{"start":{"line":25,"column":0},"end":{"line":25,"column":34}},"15":{"start":{"line":26,"column":0},"end":{"line":26,"column":44}},"16":{"start":{"line":27,"column":0},"end":{"line":27,"column":38}},"17":{"start":{"line":28,"column":0},"end":{"line":28,"column":34}},"18":{"start":{"line":31,"column":0},"end":{"line":33,"column":3}},"19":{"start":{"line":32,"column":2},"end":{"line":32,"column":61}},"20":{"start":{"line":35,"column":0},"end":{"line":35,"column":21}}},"fnMap":{"0":{"name":"(anonymous_0)","decl":{"start":{"line":31,"column":13},"end":{"line":31,"column":14}},"loc":{"start":{"line":31,"column":27},"end":{"line":33,"column":1}},"line":31}},"branchMap":{},"s":{"0":2,"1":2,"2":2,"3":2,"4":2,"5":2,"6":2,"7":2,"8":2,"9":2,"10":2,"11":2,"12":2,"13":2,"14":2,"15":2,"16":2,"17":2,"18":2,"19":0,"20":2},"f":{"0":0},"b":{},"_coverageSchema":"1a1c01bbd47fc00a2c39e90264f33305004495a9","hash":"ac8c6e6f8b5653f723b18b08df7e15fed1aa0711"}
,"E:\\library_management_api\\src\\config\\database.js": {"path":"E:\\library_management_api\\src\\config\\database.js","statementMap":{"0":{"start":{"line":1,"column":22},"end":{"line":1,"column":42}},"1":{"start":{"line":2,"column":13},"end":{"line":2,"column":28}},"2":{"start":{"line":3,"column":11},"end":{"line":3,"column":24}},"3":{"start":{"line":5,"column":14},"end":{"line":5,"column":48}},"4":{"start":{"line":6,"column":0},"end":{"line":8,"column":1}},"5":{"start":{"line":7,"column":2},"end":{"line":7,"column":43}},"6":{"start":{"line":10,"column":18},"end":{"line":14,"column":2}},"7":{"start":{"line":16,"column":23},"end":{"line":26,"column":1}},"8":{"start":{"line":17,"column":2},"end":{"line":25,"column":3}},"9":{"start":{"line":18,"column":4},"end":{"line":18,"column":35}},"10":{"start":{"line":19,"column":4},"end":{"line":19,"column":74}},"11":{"start":{"line":21,"column":4},"end":{"line":21,"column":42}},"12":{"start":{"line":22,"column":4},"end":{"line":22,"column":57}},"13":{"start":{"line":24,"column":4},"end":{"line":24,"column":63}},"14":{"start":{"line":28,"column":0},"end":{"line":30,"column":1}},"15":{"start":{"line":29,"column":2},"end":{"line":29,"column":19}},"16":{"start":{"line":32,"column":0},"end":{"line":32,"column":47}}},"fnMap":{"0":{"name":"(anonymous_0)","decl":{"start":{"line":16,"column":23},"end":{"line":16,"column":24}},"loc":{"start":{"line":16,"column":35},"end":{"line":26,"column":1}},"line":16}},"branchMap":{"0":{"loc":{"start":{"line":6,"column":0},"end":{"line":8,"column":1}},"type":"if","locations":[{"start":{"line":6,"column":0},"end":{"line":8,"column":1}},{"start":{},"end":{}}],"line":6},"1":{"loc":{"start":{"line":28,"column":0},"end":{"line":30,"column":1}},"type":"if","locations":[{"start":{"line":28,"column":0},"end":{"line":30,"column":1}},{"start":{},"end":{}}],"line":28}},"s":{"0":2,"1":2,"2":2,"3":2,"4":2,"5":0,"6":2,"7":2,"8":0,"9":0,"10":0,"11":0,"12":0,"13":0,"14":2,"15":0,"16":2},"f":{"0":0},"b":{"0":[0,2],"1":[0,2]},"_coverageSchema":"1a1c01bbd47fc00a2c39e90264f33305004495a9","hash":"434d4c161967b64c03b43ed5d0c65563429568a7"}
,"E:\\library_management_api\\src\\controllers\\book.controller.js": {"path":"E:\\library_management_api\\src\\controllers\\book.controller.js","statementMap":{"0":{"start":{"line":1,"column":47},"end":{"line":1,"column":67}},"1":{"start":{"line":2,"column":15},"end":{"line":2,"column":35}},"2":{"start":{"line":5,"column":0},"end":{"line":51,"column":2}},"3":{"start":{"line":6,"column":2},"end":{"line":50,"column":3}},"4":{"start":{"line":7,"column":17},"end":{"line":7,"column":46}},"5":{"start":{"line":8,"column":18},"end":{"line":8,"column":49}},"6":{"start":{"line":9,"column":19},"end":{"line":9,"column":37}},"7":{"start":{"line":10,"column":24},"end":{"line":10,"column":40}},"8":{"start":{"line":11,"column":25},"end":{"line":11,"column":27}},"9":{"start":{"line":13,"column":4},"end":{"line":20,"column":5}},"10":{"start":{"line":14,"column":6},"end":{"line":19,"column":8}},"11":{"start":{"line":22,"column":28},"end":{"line":37,"column":6}},"12":{"start":{"line":39,"column":4},"end":{"line":44,"column":7}},"13":{"start":{"line":46,"column":4},"end":{"line":46,"column":25}},"14":{"start":{"line":47,"column":4},"end":{"line":49,"column":75}},"15":{"start":{"line":54,"column":0},"end":{"line":71,"column":2}},"16":{"start":{"line":55,"column":2},"end":{"line":70,"column":3}},"17":{"start":{"line":56,"column":17},"end":{"line":58,"column":6}},"18":{"start":{"line":60,"column":4},"end":{"line":62,"column":5}},"19":{"start":{"line":61,"column":6},"end":{"line":61,"column":65}},"20":{"start":{"line":64,"column":4},"end":{"line":64,"column":38}},"21":{"start":{"line":66,"column":4},"end":{"line":66,"column":25}},"22":{"start":{"line":67,"column":4},"end":{"line":69,"column":74}},"23":{"start":{"line":74,"column":0},"end":{"line":124,"column":2}},"24":{"start":{"line":75,"column":22},"end":{"line":75,"column":51}},"25":{"start":{"line":77,"column":2},"end":{"line":123,"column":3}},"26":{"start":{"line":79,"column":6},"end":{"line":79,"column":14}},"27":{"start":{"line":80,"column":4},"end":{"line":82,"column":5}},"28":{"start":{"line":81,"column":6},"end":{"line":81,"column":74}},"29":{"start":{"line":84,"column":25},"end":{"line":84,"column":64}},"30":{"start":{"line":85,"column":4},"end":{"line":89,"column":5}},"31":{"start":{"line":86,"column":6},"end":{"line":88,"column":65}},"32":{"start":{"line":91,"column":20},"end":{"line":102,"column":5}},"33":{"start":{"line":103,"column":23},"end":{"line":103,"column":67}},"34":{"start":{"line":104,"column":4},"end":{"line":110,"column":5}},"35":{"start":{"line":105,"column":23},"end":{"line":108,"column":8}},"36":{"start":{"line":109,"column":6},"end":{"line":109,"column":55}},"37":{"start":{"line":111,"column":4},"end":{"line":111,"column":31}},"38":{"start":{"line":112,"column":17},"end":{"line":114,"column":6}},"39":{"start":{"line":116,"column":4},"end":{"line":116,"column":38}},"40":{"start":{"line":118,"column":4},"end":{"line":118,"column":33}},"41":{"start":{"line":119,"column":4},"end":{"line":119,"column":25}},"42":{"start":{"line":120,"column":4},"end":{"line":122,"column":72}},"43":{"start":{"line":127,"column":0},"end":{"line":176,"column":2}},"44":{"start":{"line":128,"column":22},"end":{"line":128,"column":51}},"45":{"start":{"line":129,"column":2},"end":{"line":175,"column":3}},"46":{"start":{"line":131,"column":6},"end":{"line":131,"column":14}},"47":{"start":{"line":132,"column":4},"end":{"line":132,"column":54}},"48":{"start":{"line":133,"column":19},"end":{"line":133,"column":32}},"49":{"start":{"line":134,"column":17},"end":{"line":134,"column":44}},"50":{"start":{"line":135,"column":4},"end":{"line":137,"column":5}},"51":{"start":{"line":136,"column":6},"end":{"line":136,"column":65}},"52":{"start":{"line":138,"column":4},"end":{"line":151,"column":6}},"53":{"start":{"line":153,"column":4},"end":{"line":163,"column":5}},"54":{"start":{"line":154,"column":25},"end":{"line":154,"column":69}},"55":{"start":{"line":155,"column":6},"end":{"line":155,"column":49}},"56":{"start":{"line":156,"column":6},"end":{"line":162,"column":7}},"57":{"start":{"line":157,"column":25},"end":{"line":160,"column":10}},"58":{"start":{"line":161,"column":8},"end":{"line":161,"column":54}},"59":{"start":{"line":164,"column":4},"end":{"line":164,"column":31}},"60":{"start":{"line":165,"column":24},"end":{"line":167,"column":6}},"61":{"start":{"line":168,"column":4},"end":{"line":168,"column":45}},"62":{"start":{"line":170,"column":4},"end":{"line":170,"column":33}},"63":{"start":{"line":171,"column":4},"end":{"line":171,"column":25}},"64":{"start":{"line":172,"column":4},"end":{"line":174,"column":72}},"65":{"start":{"line":178,"column":0},"end":{"line":207,"column":2}},"66":{"start":{"line":179,"column":2},"end":{"line":206,"column":3}},"67":{"start":{"line":180,"column":19},"end":{"line":180,"column":32}},"68":{"start":{"line":181,"column":17},"end":{"line":181,"column":44}},"69":{"start":{"line":182,"column":4},"end":{"line":184,"column":5}},"70":{"start":{"line":183,"column":6},"end":{"line":183,"column":65}},"71":{"start":{"line":187,"column":29},"end":{"line":192,"column":6}},"72":{"start":{"line":194,"column":4},"end":{"line":198,"column":5}},"73":{"start":{"line":195,"column":6},"end":{"line":197,"column":9}},"74":{"start":{"line":199,"column":4},"end":{"line":199,"column":25}},"75":{"start":{"line":200,"column":4},"end":{"line":200,"column":74}},"76":{"start":{"line":202,"column":4},"end":{"line":202,"column":25}},"77":{"start":{"line":203,"column":4},"end":{"line":205,"column":72}},"78":{"start":{"line":210,"column":0},"end":{"line":255,"column":2}},"79":{"start":{"line":211,"column":2},"end":{"line":254,"column":3}},"80":{"start":{"line":212,"column":53},"end":{"line":212,"column":62}},"81":{"start":{"line":213,"column":19},"end":{"line":213,"column":37}},"82":{"start":{"line":215,"column":27},"end":{"line":222,"column":10}},"83":{"start":{"line":224,"column":28},"end":{"line":226,"column":12}},"84":{"start":{"line":228,"column":28},"end":{"line":241,"column":6}},"85":{"start":{"line":243,"column":4},"end":{"line":248,"column":7}},"86":{"start":{"line":250,"column":4},"end":{"line":250,"column":25}},"87":{"start":{"line":251,"column":4},"end":{"line":253,"column":75}}},"fnMap":{"0":{"name":"(anonymous_0)","decl":{"start":{"line":5,"column":22},"end":{"line":5,"column":23}},"loc":{"start":{"line":5,"column":42},"end":{"line":51,"column":1}},"line":5},"1":{"name":"(anonymous_1)","decl":{"start":{"line":54,"column":22},"end":{"line":54,"column":23}},"loc":{"start":{"line":54,"column":42},"end":{"line":71,"column":1}},"line":54},"2":{"name":"(anonymous_2)","decl":{"start":{"line":74,"column":21},"end":{"line":74,"column":22}},"loc":{"start":{"line":74,"column":41},"end":{"line":124,"column":1}},"line":74},"3":{"name":"(anonymous_3)","decl":{"start":{"line":127,"column":21},"end":{"line":127,"column":22}},"loc":{"start":{"line":127,"column":41},"end":{"line":176,"column":1}},"line":127},"4":{"name":"(anonymous_4)","decl":{"start":{"line":178,"column":21},"end":{"line":178,"column":22}},"loc":{"start":{"line":178,"column":41},"end":{"line":207,"column":1}},"line":178},"5":{"name":"(anonymous_5)","decl":{"start":{"line":210,"column":22},"end":{"line":210,"column":23}},"loc":{"start":{"line":210,"column":42},"end":{"line":255,"column":1}},"line":210}},"branchMap":{"0":{"loc":{"start":{"line":7,"column":17},"end":{"line":7,"column":46}},"type":"binary-expr","locations":[{"start":{"line":7,"column":17},"end":{"line":7,"column":41}},{"start":{"line":7,"column":45},"end":{"line":7,"column":46}}],"line":7},"1":{"loc":{"start":{"line":8,"column":18},"end":{"line":8,"column":49}},"type":"binary-expr","locations":[{"start":{"line":8,"column":18},"end":{"line":8,"column":43}},{"start":{"line":8,"column":47},"end":{"line":8,"column":49}}],"line":8},"2":{"loc":{"start":{"line":13,"column":4},"end":{"line":20,"column":5}},"type":"if","locations":[{"start":{"line":13,"column":4},"end":{"line":20,"column":5}},{"start":{},"end":{}}],"line":13},"3":{"loc":{"start":{"line":28,"column":14},"end":{"line":31,"column":11}},"type":"binary-expr","locations":[{"start":{"line":28,"column":14},"end":{"line":28,"column":25}},{"start":{"line":28,"column":29},"end":{"line":31,"column":11}}],"line":28},"4":{"loc":{"start":{"line":60,"column":4},"end":{"line":62,"column":5}},"type":"if","locations":[{"start":{"line":60,"column":4},"end":{"line":62,"column":5}},{"start":{},"end":{}}],"line":60},"5":{"loc":{"start":{"line":80,"column":4},"end":{"line":82,"column":5}},"type":"if","locations":[{"start":{"line":80,"column":4},"end":{"line":82,"column":5}},{"start":{},"end":{}}],"line":80},"6":{"loc":{"start":{"line":80,"column":8},"end":{"line":80,"column":66}},"type":"binary-expr","locations":[{"start":{"line":80,"column":8},"end":{"line":80,"column":14}},{"start":{"line":80,"column":18},"end":{"line":80,"column":23}},{"start":{"line":80,"column":27},"end":{"line":80,"column":43}},{"start":{"line":80,"column":47},"end":{"line":80,"column":55}},{"start":{"line":80,"column":59},"end":{"line":80,"column":66}}],"line":80},"7":{"loc":{"start":{"line":85,"column":4},"end":{"line":89,"column":5}},"type":"if","locations":[{"start":{"line":85,"column":4},"end":{"line":89,"column":5}},{"start":{},"end":{}}],"line":85},"8":{"loc":{"start":{"line":97,"column":16},"end":{"line":97,"column":27}},"type":"binary-expr","locations":[{"start":{"line":97,"column":16},"end":{"line":97,"column":22}},{"start":{"line":97,"column":26},"end":{"line":97,"column":27}}],"line":97},"9":{"loc":{"start":{"line":103,"column":23},"end":{"line":103,"column":67}},"type":"cond-expr","locations":[{"start":{"line":103,"column":48},"end":{"line":103,"column":55}},{"start":{"line":103,"column":58},"end":{"line":103,"column":67}}],"line":103},"10":{"loc":{"start":{"line":135,"column":4},"end":{"line":137,"column":5}},"type":"if","locations":[{"start":{"line":135,"column":4},"end":{"line":137,"column":5}},{"start":{},"end":{}}],"line":135},"11":{"loc":{"start":{"line":140,"column":15},"end":{"line":140,"column":34}},"type":"binary-expr","locations":[{"start":{"line":140,"column":15},"end":{"line":140,"column":20}},{"start":{"line":140,"column":24},"end":{"line":140,"column":34}}],"line":140},"12":{"loc":{"start":{"line":141,"column":14},"end":{"line":141,"column":31}},"type":"binary-expr","locations":[{"start":{"line":141,"column":14},"end":{"line":141,"column":18}},{"start":{"line":141,"column":22},"end":{"line":141,"column":31}}],"line":141},"13":{"loc":{"start":{"line":142,"column":25},"end":{"line":142,"column":64}},"type":"binary-expr","locations":[{"start":{"line":142,"column":25},"end":{"line":142,"column":40}},{"start":{"line":142,"column":44},"end":{"line":142,"column":64}}],"line":142},"14":{"loc":{"start":{"line":143,"column":15},"end":{"line":143,"column":34}},"type":"binary-expr","locations":[{"start":{"line":143,"column":15},"end":{"line":143,"column":20}},{"start":{"line":143,"column":24},"end":{"line":143,"column":34}}],"line":143},"15":{"loc":{"start":{"line":144,"column":16},"end":{"line":144,"column":37}},"type":"binary-expr","locations":[{"start":{"line":144,"column":16},"end":{"line":144,"column":22}},{"start":{"line":144,"column":26},"end":{"line":144,"column":37}}],"line":144},"16":{"loc":{"start":{"line":145,"column":16},"end":{"line":145,"column":55}},"type":"cond-expr","locations":[{"start":{"line":145,"column":25},"end":{"line":145,"column":41}},{"start":{"line":145,"column":44},"end":{"line":145,"column":55}}],"line":145},"17":{"loc":{"start":{"line":146,"column":25},"end":{"line":148,"column":32}},"type":"cond-expr","locations":[{"start":{"line":147,"column":12},"end":{"line":147,"column":67}},{"start":{"line":148,"column":12},"end":{"line":148,"column":32}}],"line":146},"18":{"loc":{"start":{"line":153,"column":4},"end":{"line":163,"column":5}},"type":"if","locations":[{"start":{"line":153,"column":4},"end":{"line":163,"column":5}},{"start":{},"end":{}}],"line":153},"19":{"loc":{"start":{"line":154,"column":25},"end":{"line":154,"column":69}},"type":"cond-expr","locations":[{"start":{"line":154,"column":50},"end":{"line":154,"column":57}},{"start":{"line":154,"column":60},"end":{"line":154,"column":69}}],"line":154},"20":{"loc":{"start":{"line":182,"column":4},"end":{"line":184,"column":5}},"type":"if","locations":[{"start":{"line":182,"column":4},"end":{"line":184,"column":5}},{"start":{},"end":{}}],"line":182},"21":{"loc":{"start":{"line":194,"column":4},"end":{"line":198,"column":5}},"type":"if","locations":[{"start":{"line":194,"column":4},"end":{"line":198,"column":5}},{"start":{},"end":{}}],"line":194},"22":{"loc":{"start":{"line":212,"column":12},"end":{"line":212,"column":20}},"type":"default-arg","locations":[{"start":{"line":212,"column":19},"end":{"line":212,"column":20}}],"line":212},"23":{"loc":{"start":{"line":212,"column":22},"end":{"line":212,"column":32}},"type":"default-arg","locations":[{"start":{"line":212,"column":30},"end":{"line":212,"column":32}}],"line":212},"24":{"loc":{"start":{"line":215,"column":27},"end":{"line":222,"column":10}},"type":"cond-expr","locations":[{"start":{"line":216,"column":8},"end":{"line":221,"column":9}},{"start":{"line":222,"column":8},"end":{"line":222,"column":10}}],"line":215},"25":{"loc":{"start":{"line":224,"column":28},"end":{"line":226,"column":12}},"type":"cond-expr","locations":[{"start":{"line":225,"column":8},"end":{"line":225,"column":46}},{"start":{"line":226,"column":8},"end":{"line":226,"column":12}}],"line":224},"26":{"loc":{"start":{"line":234,"column":17},"end":{"line":234,"column":45}},"type":"binary-expr","locations":[{"start":{"line":234,"column":17},"end":{"line":234,"column":32}},{"start":{"line":234,"column":36},"end":{"line":234,"column":45}}],"line":234}},"s":{"0":2,"1":2,"2":2,"3":0,"4":0,"5":0,"6":0,"7":0,"8":0,"9":0,"10":0,"11":0,"12":0,"13":0,"14":0,"15":2,"16":2,"17":2,"18":2,"19":1,"20":1,"21":0,"22":0,"23":2,"24":1,"25":1,"26":1,"27":1,"28":0,"29":1,"30":1,"31":0,"32":1,"33":1,"34":1,"35":1,"36":1,"37":1,"38":1,"39":1,"40":0,"41":0,"42":0,"43":2,"44":1,"45":1,"46":1,"47":1,"48":1,"49":1,"50":1,"51":0,"52":1,"53":1,"54":1,"55":1,"56":1,"57":1,"58":1,"59":1,"60":1,"61":1,"62":0,"63":0,"64":0,"65":2,"66":1,"67":1,"68":1,"69":1,"70":0,"71":1,"72":1,"73":0,"74":1,"75":1,"76":0,"77":0,"78":2,"79":2,"80":2,"81":2,"82":2,"83":2,"84":2,"85":2,"86":0,"87":0},"f":{"0":0,"1":2,"2":1,"3":1,"4":1,"5":2},"b":{"0":[0,0],"1":[0,0],"2":[0,0],"3":[0,0],"4":[1,1],"5":[0,1],"6":[1,1,1,1,1],"7":[0,1],"8":[1,0],"9":[1,0],"10":[0,1],"11":[1,0],"12":[1,0],"13":[1,0],"14":[1,1],"15":[1,0],"16":[1,0],"17":[1,0],"18":[1,0],"19":[1,0],"20":[0,1],"21":[0,1],"22":[2],"23":[2],"24":[1,1],"25":[0,2],"26":[2,2]},"_coverageSchema":"1a1c01bbd47fc00a2c39e90264f33305004495a9","hash":"0b4c3a1f4db224ac93af6117b1bb228c4ed1bb49"}
,"E:\\library_management_api\\src\\controllers\\borrowing.controller.js": {"path":"E:\\library_management_api\\src\\controllers\\borrowing.controller.js","statementMap":{"0":{"start":{"line":1,"column":34},"end":{"line":1,"column":54}},"1":{"start":{"line":2,"column":15},"end":{"line":2,"column":32}},"2":{"start":{"line":5,"column":0},"end":{"line":58,"column":2}},"3":{"start":{"line":6,"column":2},"end":{"line":57,"column":3}},"4":{"start":{"line":7,"column":40},"end":{"line":7,"column":48}},"5":{"start":{"line":8,"column":4},"end":{"line":12,"column":5}},"6":{"start":{"line":9,"column":6},"end":{"line":11,"column":63}},"7":{"start":{"line":13,"column":17},"end":{"line":13,"column":44}},"8":{"start":{"line":14,"column":4},"end":{"line":16,"column":5}},"9":{"start":{"line":15,"column":6},"end":{"line":15,"column":65}},"10":{"start":{"line":17,"column":4},"end":{"line":21,"column":5}},"11":{"start":{"line":18,"column":6},"end":{"line":20,"column":66}},"12":{"start":{"line":23,"column":17},"end":{"line":23,"column":44}},"13":{"start":{"line":24,"column":4},"end":{"line":26,"column":5}},"14":{"start":{"line":25,"column":6},"end":{"line":25,"column":65}},"15":{"start":{"line":28,"column":27},"end":{"line":28,"column":60}},"16":{"start":{"line":29,"column":29},"end":{"line":29,"column":73}},"17":{"start":{"line":32,"column":22},"end":{"line":38,"column":6}},"18":{"start":{"line":40,"column":4},"end":{"line":42,"column":7}},"19":{"start":{"line":44,"column":4},"end":{"line":51,"column":7}},"20":{"start":{"line":53,"column":4},"end":{"line":53,"column":25}},"21":{"start":{"line":54,"column":4},"end":{"line":56,"column":72}},"22":{"start":{"line":61,"column":0},"end":{"line":98,"column":2}},"23":{"start":{"line":62,"column":2},"end":{"line":97,"column":3}},"24":{"start":{"line":63,"column":28},"end":{"line":63,"column":38}},"25":{"start":{"line":64,"column":22},"end":{"line":66,"column":6}},"26":{"start":{"line":68,"column":4},"end":{"line":70,"column":5}},"27":{"start":{"line":69,"column":6},"end":{"line":69,"column":77}},"28":{"start":{"line":71,"column":4},"end":{"line":75,"column":5}},"29":{"start":{"line":72,"column":6},"end":{"line":74,"column":61}},"30":{"start":{"line":76,"column":4},"end":{"line":79,"column":7}},"31":{"start":{"line":80,"column":4},"end":{"line":82,"column":7}},"32":{"start":{"line":84,"column":4},"end":{"line":91,"column":7}},"33":{"start":{"line":93,"column":4},"end":{"line":93,"column":25}},"34":{"start":{"line":94,"column":4},"end":{"line":96,"column":72}},"35":{"start":{"line":101,"column":0},"end":{"line":126,"column":2}},"36":{"start":{"line":102,"column":2},"end":{"line":125,"column":3}},"37":{"start":{"line":103,"column":17},"end":{"line":103,"column":46}},"38":{"start":{"line":104,"column":18},"end":{"line":104,"column":49}},"39":{"start":{"line":105,"column":19},"end":{"line":105,"column":37}},"40":{"start":{"line":107,"column":28},"end":{"line":112,"column":6}},"41":{"start":{"line":114,"column":4},"end":{"line":119,"column":7}},"42":{"start":{"line":121,"column":4},"end":{"line":121,"column":25}},"43":{"start":{"line":122,"column":4},"end":{"line":124,"column":80}},"44":{"start":{"line":129,"column":0},"end":{"line":146,"column":2}},"45":{"start":{"line":130,"column":2},"end":{"line":145,"column":3}},"46":{"start":{"line":131,"column":22},"end":{"line":133,"column":6}},"47":{"start":{"line":135,"column":4},"end":{"line":137,"column":5}},"48":{"start":{"line":136,"column":6},"end":{"line":136,"column":77}},"49":{"start":{"line":139,"column":4},"end":{"line":139,"column":43}},"50":{"start":{"line":141,"column":4},"end":{"line":141,"column":25}},"51":{"start":{"line":142,"column":4},"end":{"line":144,"column":79}}},"fnMap":{"0":{"name":"(anonymous_0)","decl":{"start":{"line":5,"column":21},"end":{"line":5,"column":22}},"loc":{"start":{"line":5,"column":41},"end":{"line":58,"column":1}},"line":5},"1":{"name":"(anonymous_1)","decl":{"start":{"line":61,"column":21},"end":{"line":61,"column":22}},"loc":{"start":{"line":61,"column":41},"end":{"line":98,"column":1}},"line":61},"2":{"name":"(anonymous_2)","decl":{"start":{"line":101,"column":27},"end":{"line":101,"column":28}},"loc":{"start":{"line":101,"column":47},"end":{"line":126,"column":1}},"line":101},"3":{"name":"(anonymous_3)","decl":{"start":{"line":129,"column":27},"end":{"line":129,"column":28}},"loc":{"start":{"line":129,"column":47},"end":{"line":146,"column":1}},"line":129}},"branchMap":{"0":{"loc":{"start":{"line":8,"column":4},"end":{"line":12,"column":5}},"type":"if","locations":[{"start":{"line":8,"column":4},"end":{"line":12,"column":5}},{"start":{},"end":{}}],"line":8},"1":{"loc":{"start":{"line":8,"column":8},"end":{"line":8,"column":26}},"type":"binary-expr","locations":[{"start":{"line":8,"column":8},"end":{"line":8,"column":15}},{"start":{"line":8,"column":19},"end":{"line":8,"column":26}}],"line":8},"2":{"loc":{"start":{"line":14,"column":4},"end":{"line":16,"column":5}},"type":"if","locations":[{"start":{"line":14,"column":4},"end":{"line":16,"column":5}},{"start":{},"end":{}}],"line":14},"3":{"loc":{"start":{"line":17,"column":4},"end":{"line":21,"column":5}},"type":"if","locations":[{"start":{"line":17,"column":4},"end":{"line":21,"column":5}},{"start":{},"end":{}}],"line":17},"4":{"loc":{"start":{"line":24,"column":4},"end":{"line":26,"column":5}},"type":"if","locations":[{"start":{"line":24,"column":4},"end":{"line":26,"column":5}},{"start":{},"end":{}}],"line":24},"5":{"loc":{"start":{"line":29,"column":29},"end":{"line":29,"column":73}},"type":"cond-expr","locations":[{"start":{"line":29,"column":39},"end":{"line":29,"column":56}},{"start":{"line":29,"column":59},"end":{"line":29,"column":73}}],"line":29},"6":{"loc":{"start":{"line":68,"column":4},"end":{"line":70,"column":5}},"type":"if","locations":[{"start":{"line":68,"column":4},"end":{"line":70,"column":5}},{"start":{},"end":{}}],"line":68},"7":{"loc":{"start":{"line":71,"column":4},"end":{"line":75,"column":5}},"type":"if","locations":[{"start":{"line":71,"column":4},"end":{"line":75,"column":5}},{"start":{},"end":{}}],"line":71},"8":{"loc":{"start":{"line":103,"column":17},"end":{"line":103,"column":46}},"type":"binary-expr","locations":[{"start":{"line":103,"column":17},"end":{"line":103,"column":41}},{"start":{"line":103,"column":45},"end":{"line":103,"column":46}}],"line":103},"9":{"loc":{"start":{"line":104,"column":18},"end":{"line":104,"column":49}},"type":"binary-expr","locations":[{"start":{"line":104,"column":18},"end":{"line":104,"column":43}},{"start":{"line":104,"column":47},"end":{"line":104,"column":49}}],"line":104},"10":{"loc":{"start":{"line":135,"column":4},"end":{"line":137,"column":5}},"type":"if","locations":[{"start":{"line":135,"column":4},"end":{"line":137,"column":5}},{"start":{},"end":{}}],"line":135}},"s":{"0":2,"1":2,"2":2,"3":2,"4":2,"5":2,"6":0,"7":2,"8":2,"9":0,"10":2,"11":0,"12":2,"13":2,"14":0,"15":2,"16":2,"17":2,"18":2,"19":2,"20":0,"21":0,"22":2,"23":1,"24":1,"25":1,"26":1,"27":0,"28":1,"29":0,"30":1,"31":1,"32":1,"33":0,"34":0,"35":2,"36":1,"37":1,"38":1,"39":1,"40":1,"41":1,"42":0,"43":0,"44":2,"45":0,"46":0,"47":0,"48":0,"49":0,"50":0,"51":0},"f":{"0":2,"1":1,"2":1,"3":0},"b":{"0":[0,2],"1":[2,2],"2":[0,2],"3":[0,2],"4":[0,2],"5":[0,2],"6":[0,1],"7":[0,1],"8":[1,1],"9":[1,1],"10":[0,0]},"_coverageSchema":"1a1c01bbd47fc00a2c39e90264f33305004495a9","hash":"2811aa4246150d96e271cd33bbf931c4b06b13c8"}
,"E:\\library_management_api\\src\\controllers\\report.controller.js": {"path":"E:\\library_management_api\\src\\controllers\\report.controller.js","statementMap":{"0":{"start":{"line":1,"column":34},"end":{"line":1,"column":54}},"1":{"start":{"line":2,"column":15},"end":{"line":2,"column":35}},"2":{"start":{"line":3,"column":15},"end":{"line":3,"column":32}},"3":{"start":{"line":6,"column":0},"end":{"line":64,"column":2}},"4":{"start":{"line":7,"column":2},"end":{"line":63,"column":3}},"5":{"start":{"line":8,"column":17},"end":{"line":8,"column":46}},"6":{"start":{"line":9,"column":18},"end":{"line":9,"column":49}},"7":{"start":{"line":10,"column":19},"end":{"line":10,"column":37}},"8":{"start":{"line":13,"column":28},"end":{"line":30,"column":6}},"9":{"start":{"line":33,"column":25},"end":{"line":49,"column":6}},"10":{"start":{"line":34,"column":20},"end":{"line":34,"column":30}},"11":{"start":{"line":35,"column":22},"end":{"line":35,"column":49}},"12":{"start":{"line":38,"column":6},"end":{"line":43,"column":7}},"13":{"start":{"line":39,"column":27},"end":{"line":39,"column":57}},"14":{"start":{"line":40,"column":8},"end":{"line":40,"column":80}},"15":{"start":{"line":42,"column":8},"end":{"line":42,"column":75}},"16":{"start":{"line":45,"column":6},"end":{"line":48,"column":8}},"17":{"start":{"line":51,"column":4},"end":{"line":56,"column":7}},"18":{"start":{"line":58,"column":4},"end":{"line":58,"column":25}},"19":{"start":{"line":59,"column":4},"end":{"line":62,"column":7}}},"fnMap":{"0":{"name":"(anonymous_0)","decl":{"start":{"line":6,"column":26},"end":{"line":6,"column":27}},"loc":{"start":{"line":6,"column":46},"end":{"line":64,"column":1}},"line":6},"1":{"name":"(anonymous_1)","decl":{"start":{"line":33,"column":34},"end":{"line":33,"column":35}},"loc":{"start":{"line":33,"column":49},"end":{"line":49,"column":5}},"line":33}},"branchMap":{"0":{"loc":{"start":{"line":8,"column":17},"end":{"line":8,"column":46}},"type":"binary-expr","locations":[{"start":{"line":8,"column":17},"end":{"line":8,"column":41}},{"start":{"line":8,"column":45},"end":{"line":8,"column":46}}],"line":8},"1":{"loc":{"start":{"line":9,"column":18},"end":{"line":9,"column":49}},"type":"binary-expr","locations":[{"start":{"line":9,"column":18},"end":{"line":9,"column":43}},{"start":{"line":9,"column":47},"end":{"line":9,"column":49}}],"line":9},"2":{"loc":{"start":{"line":38,"column":6},"end":{"line":43,"column":7}},"type":"if","locations":[{"start":{"line":38,"column":6},"end":{"line":43,"column":7}},{"start":{"line":41,"column":13},"end":{"line":43,"column":7}}],"line":38},"3":{"loc":{"start":{"line":47,"column":21},"end":{"line":47,"column":54}},"type":"cond-expr","locations":[{"start":{"line":47,"column":39},"end":{"line":47,"column":50}},{"start":{"line":47,"column":53},"end":{"line":47,"column":54}}],"line":47}},"s":{"0":2,"1":2,"2":2,"3":2,"4":0,"5":0,"6":0,"7":0,"8":0,"9":0,"10":0,"11":0,"12":0,"13":0,"14":0,"15":0,"16":0,"17":0,"18":0,"19":0},"f":{"0":0,"1":0},"b":{"0":[0,0],"1":[0,0],"2":[0,0],"3":[0,0]},"_coverageSchema":"1a1c01bbd47fc00a2c39e90264f33305004495a9","hash":"07e700b5da53f26aa60a7d603286f39548d87271"}
,"E:\\library_management_api\\src\\controllers\\user.controller.js": {"path":"E:\\library_management_api\\src\\controllers\\user.controller.js","statementMap":{"0":{"start":{"line":1,"column":34},"end":{"line":1,"column":54}},"1":{"start":{"line":4,"column":0},"end":{"line":17,"column":2}},"2":{"start":{"line":5,"column":2},"end":{"line":16,"column":3}},"3":{"start":{"line":6,"column":18},"end":{"line":6,"column":38}},"4":{"start":{"line":7,"column":4},"end":{"line":10,"column":7}},"5":{"start":{"line":12,"column":4},"end":{"line":12,"column":25}},"6":{"start":{"line":13,"column":4},"end":{"line":15,"column":75}},"7":{"start":{"line":20,"column":0},"end":{"line":35,"column":2}},"8":{"start":{"line":21,"column":2},"end":{"line":34,"column":3}},"9":{"start":{"line":22,"column":17},"end":{"line":22,"column":51}},"10":{"start":{"line":24,"column":4},"end":{"line":26,"column":5}},"11":{"start":{"line":25,"column":6},"end":{"line":25,"column":65}},"12":{"start":{"line":28,"column":4},"end":{"line":28,"column":38}},"13":{"start":{"line":30,"column":4},"end":{"line":30,"column":25}},"14":{"start":{"line":31,"column":4},"end":{"line":33,"column":74}},"15":{"start":{"line":38,"column":0},"end":{"line":62,"column":2}},"16":{"start":{"line":39,"column":2},"end":{"line":61,"column":3}},"17":{"start":{"line":40,"column":28},"end":{"line":40,"column":36}},"18":{"start":{"line":41,"column":4},"end":{"line":43,"column":5}},"19":{"start":{"line":42,"column":6},"end":{"line":42,"column":78}},"20":{"start":{"line":44,"column":25},"end":{"line":44,"column":65}},"21":{"start":{"line":45,"column":4},"end":{"line":49,"column":5}},"22":{"start":{"line":46,"column":6},"end":{"line":48,"column":66}},"23":{"start":{"line":50,"column":20},"end":{"line":53,"column":6}},"24":{"start":{"line":55,"column":4},"end":{"line":55,"column":41}},"25":{"start":{"line":57,"column":4},"end":{"line":57,"column":25}},"26":{"start":{"line":58,"column":4},"end":{"line":60,"column":72}},"27":{"start":{"line":65,"column":0},"end":{"line":94,"column":2}},"28":{"start":{"line":66,"column":2},"end":{"line":93,"column":3}},"29":{"start":{"line":67,"column":19},"end":{"line":67,"column":32}},"30":{"start":{"line":69,"column":17},"end":{"line":69,"column":44}},"31":{"start":{"line":70,"column":4},"end":{"line":72,"column":5}},"32":{"start":{"line":71,"column":6},"end":{"line":71,"column":65}},"33":{"start":{"line":73,"column":23},"end":{"line":77,"column":6}},"34":{"start":{"line":79,"column":4},"end":{"line":86,"column":7}},"35":{"start":{"line":88,"column":4},"end":{"line":88,"column":25}},"36":{"start":{"line":89,"column":4},"end":{"line":92,"column":7}}},"fnMap":{"0":{"name":"(anonymous_0)","decl":{"start":{"line":4,"column":22},"end":{"line":4,"column":23}},"loc":{"start":{"line":4,"column":42},"end":{"line":17,"column":1}},"line":4},"1":{"name":"(anonymous_1)","decl":{"start":{"line":20,"column":22},"end":{"line":20,"column":23}},"loc":{"start":{"line":20,"column":42},"end":{"line":35,"column":1}},"line":20},"2":{"name":"(anonymous_2)","decl":{"start":{"line":38,"column":21},"end":{"line":38,"column":22}},"loc":{"start":{"line":38,"column":41},"end":{"line":62,"column":1}},"line":38},"3":{"name":"(anonymous_3)","decl":{"start":{"line":65,"column":28},"end":{"line":65,"column":29}},"loc":{"start":{"line":65,"column":48},"end":{"line":94,"column":1}},"line":65}},"branchMap":{"0":{"loc":{"start":{"line":24,"column":4},"end":{"line":26,"column":5}},"type":"if","locations":[{"start":{"line":24,"column":4},"end":{"line":26,"column":5}},{"start":{},"end":{}}],"line":24},"1":{"loc":{"start":{"line":41,"column":4},"end":{"line":43,"column":5}},"type":"if","locations":[{"start":{"line":41,"column":4},"end":{"line":43,"column":5}},{"start":{},"end":{}}],"line":41},"2":{"loc":{"start":{"line":41,"column":8},"end":{"line":41,"column":23}},"type":"binary-expr","locations":[{"start":{"line":41,"column":8},"end":{"line":41,"column":13}},{"start":{"line":41,"column":17},"end":{"line":41,"column":23}}],"line":41},"3":{"loc":{"start":{"line":45,"column":4},"end":{"line":49,"column":5}},"type":"if","locations":[{"start":{"line":45,"column":4},"end":{"line":49,"column":5}},{"start":{},"end":{}}],"line":45},"4":{"loc":{"start":{"line":70,"column":4},"end":{"line":72,"column":5}},"type":"if","locations":[{"start":{"line":70,"column":4},"end":{"line":72,"column":5}},{"start":{},"end":{}}],"line":70}},"s":{"0":2,"1":2,"2":0,"3":0,"4":0,"5":0,"6":0,"7":2,"8":0,"9":0,"10":0,"11":0,"12":0,"13":0,"14":0,"15":2,"16":0,"17":0,"18":0,"19":0,"20":0,"21":0,"22":0,"23":0,"24":0,"25":0,"26":0,"27":2,"28":0,"29":0,"30":0,"31":0,"32":0,"33":0,"34":0,"35":0,"36":0},"f":{"0":0,"1":0,"2":0,"3":0},"b":{"0":[0,0],"1":[0,0],"2":[0,0],"3":[0,0],"4":[0,0]},"_coverageSchema":"1a1c01bbd47fc00a2c39e90264f33305004495a9","hash":"15e902e1bfbc2b611edf744291ea1aaa73d5f0b5"}
,"E:\\library_management_api\\src\\middleware\\validation.middleware.js": {"path":"E:\\library_management_api\\src\\middleware\\validation.middleware.js","statementMap":{"0":{"start":{"line":2,"column":0},"end":{"line":31,"column":2}},"1":{"start":{"line":3,"column":60},"end":{"line":3,"column":68}},"2":{"start":{"line":4,"column":17},"end":{"line":4,"column":19}},"3":{"start":{"line":6,"column":2},"end":{"line":6,"column":47}},"4":{"start":{"line":6,"column":14},"end":{"line":6,"column":47}},"5":{"start":{"line":7,"column":2},"end":{"line":7,"column":45}},"6":{"start":{"line":7,"column":13},"end":{"line":7,"column":45}},"7":{"start":{"line":8,"column":2},"end":{"line":8,"column":68}},"8":{"start":{"line":8,"column":24},"end":{"line":8,"column":68}},"9":{"start":{"line":9,"column":2},"end":{"line":10,"column":51}},"10":{"start":{"line":10,"column":4},"end":{"line":10,"column":51}},"11":{"start":{"line":11,"column":2},"end":{"line":11,"column":59}},"12":{"start":{"line":11,"column":15},"end":{"line":11,"column":59}},"13":{"start":{"line":13,"column":2},"end":{"line":20,"column":3}},"14":{"start":{"line":19,"column":4},"end":{"line":19,"column":57}},"15":{"start":{"line":22,"column":2},"end":{"line":24,"column":3}},"16":{"start":{"line":23,"column":4},"end":{"line":23,"column":62}},"17":{"start":{"line":26,"column":2},"end":{"line":28,"column":3}},"18":{"start":{"line":27,"column":4},"end":{"line":27,"column":44}},"19":{"start":{"line":30,"column":2},"end":{"line":30,"column":9}},"20":{"start":{"line":34,"column":0},"end":{"line":57,"column":2}},"21":{"start":{"line":35,"column":38},"end":{"line":35,"column":46}},"22":{"start":{"line":36,"column":17},"end":{"line":36,"column":19}},"23":{"start":{"line":38,"column":2},"end":{"line":38,"column":50}},"24":{"start":{"line":38,"column":15},"end":{"line":38,"column":50}},"25":{"start":{"line":39,"column":2},"end":{"line":39,"column":50}},"26":{"start":{"line":39,"column":15},"end":{"line":39,"column":50}},"27":{"start":{"line":41,"column":2},"end":{"line":50,"column":3}},"28":{"start":{"line":42,"column":23},"end":{"line":42,"column":40}},"29":{"start":{"line":43,"column":18},"end":{"line":43,"column":28}},"30":{"start":{"line":45,"column":4},"end":{"line":49,"column":5}},"31":{"start":{"line":46,"column":6},"end":{"line":46,"column":51}},"32":{"start":{"line":47,"column":11},"end":{"line":49,"column":5}},"33":{"start":{"line":48,"column":6},"end":{"line":48,"column":52}},"34":{"start":{"line":52,"column":2},"end":{"line":54,"column":3}},"35":{"start":{"line":53,"column":4},"end":{"line":53,"column":44}},"36":{"start":{"line":56,"column":2},"end":{"line":56,"column":9}},"37":{"start":{"line":60,"column":0},"end":{"line":77,"column":2}},"38":{"start":{"line":61,"column":26},"end":{"line":61,"column":34}},"39":{"start":{"line":62,"column":17},"end":{"line":62,"column":19}},"40":{"start":{"line":64,"column":2},"end":{"line":64,"column":45}},"41":{"start":{"line":64,"column":13},"end":{"line":64,"column":45}},"42":{"start":{"line":65,"column":2},"end":{"line":65,"column":47}},"43":{"start":{"line":65,"column":14},"end":{"line":65,"column":47}},"44":{"start":{"line":68,"column":2},"end":{"line":70,"column":3}},"45":{"start":{"line":69,"column":4},"end":{"line":69,"column":43}},"46":{"start":{"line":72,"column":2},"end":{"line":74,"column":3}},"47":{"start":{"line":73,"column":4},"end":{"line":73,"column":44}},"48":{"start":{"line":76,"column":2},"end":{"line":76,"column":9}}},"fnMap":{"0":{"name":"(anonymous_0)","decl":{"start":{"line":2,"column":23},"end":{"line":2,"column":24}},"loc":{"start":{"line":2,"column":43},"end":{"line":31,"column":1}},"line":2},"1":{"name":"(anonymous_1)","decl":{"start":{"line":34,"column":28},"end":{"line":34,"column":29}},"loc":{"start":{"line":34,"column":48},"end":{"line":57,"column":1}},"line":34},"2":{"name":"(anonymous_2)","decl":{"start":{"line":60,"column":23},"end":{"line":60,"column":24}},"loc":{"start":{"line":60,"column":43},"end":{"line":77,"column":1}},"line":60}},"branchMap":{"0":{"loc":{"start":{"line":6,"column":2},"end":{"line":6,"column":47}},"type":"if","locations":[{"start":{"line":6,"column":2},"end":{"line":6,"column":47}},{"start":{},"end":{}}],"line":6},"1":{"loc":{"start":{"line":7,"column":2},"end":{"line":7,"column":45}},"type":"if","locations":[{"start":{"line":7,"column":2},"end":{"line":7,"column":45}},{"start":{},"end":{}}],"line":7},"2":{"loc":{"start":{"line":8,"column":2},"end":{"line":8,"column":68}},"type":"if","locations":[{"start":{"line":8,"column":2},"end":{"line":8,"column":68}},{"start":{},"end":{}}],"line":8},"3":{"loc":{"start":{"line":9,"column":2},"end":{"line":10,"column":51}},"type":"if","locations":[{"start":{"line":9,"column":2},"end":{"line":10,"column":51}},{"start":{},"end":{}}],"line":9},"4":{"loc":{"start":{"line":9,"column":6},"end":{"line":9,"column":66}},"type":"binary-expr","locations":[{"start":{"line":9,"column":6},"end":{"line":9,"column":14}},{"start":{"line":9,"column":19},"end":{"line":9,"column":41}},{"start":{"line":9,"column":45},"end":{"line":9,"column":65}}],"line":9},"5":{"loc":{"start":{"line":11,"column":2},"end":{"line":11,"column":59}},"type":"if","locations":[{"start":{"line":11,"column":2},"end":{"line":11,"column":59}},{"start":{},"end":{}}],"line":11},"6":{"loc":{"start":{"line":13,"column":2},"end":{"line":20,"column":3}},"type":"if","locations":[{"start":{"line":13,"column":2},"end":{"line":20,"column":3}},{"start":{},"end":{}}],"line":13},"7":{"loc":{"start":{"line":14,"column":4},"end":{"line":17,"column":49}},"type":"binary-expr","locations":[{"start":{"line":14,"column":4},"end":{"line":14,"column":19}},{"start":{"line":15,"column":5},"end":{"line":15,"column":27}},{"start":{"line":16,"column":6},"end":{"line":16,"column":28}},{"start":{"line":17,"column":6},"end":{"line":17,"column":48}}],"line":14},"8":{"loc":{"start":{"line":22,"column":2},"end":{"line":24,"column":3}},"type":"if","locations":[{"start":{"line":22,"column":2},"end":{"line":24,"column":3}},{"start":{},"end":{}}],"line":22},"9":{"loc":{"start":{"line":22,"column":6},"end":{"line":22,"column":45}},"type":"binary-expr","locations":[{"start":{"line":22,"column":6},"end":{"line":22,"column":12}},{"start":{"line":22,"column":17},"end":{"line":22,"column":30}},{"start":{"line":22,"column":34},"end":{"line":22,"column":44}}],"line":22},"10":{"loc":{"start":{"line":26,"column":2},"end":{"line":28,"column":3}},"type":"if","locations":[{"start":{"line":26,"column":2},"end":{"line":28,"column":3}},{"start":{},"end":{}}],"line":26},"11":{"loc":{"start":{"line":38,"column":2},"end":{"line":38,"column":50}},"type":"if","locations":[{"start":{"line":38,"column":2},"end":{"line":38,"column":50}},{"start":{},"end":{}}],"line":38},"12":{"loc":{"start":{"line":39,"column":2},"end":{"line":39,"column":50}},"type":"if","locations":[{"start":{"line":39,"column":2},"end":{"line":39,"column":50}},{"start":{},"end":{}}],"line":39},"13":{"loc":{"start":{"line":41,"column":2},"end":{"line":50,"column":3}},"type":"if","locations":[{"start":{"line":41,"column":2},"end":{"line":50,"column":3}},{"start":{},"end":{}}],"line":41},"14":{"loc":{"start":{"line":45,"column":4},"end":{"line":49,"column":5}},"type":"if","locations":[{"start":{"line":45,"column":4},"end":{"line":49,"column":5}},{"start":{"line":47,"column":11},"end":{"line":49,"column":5}}],"line":45},"15":{"loc":{"start":{"line":47,"column":11},"end":{"line":49,"column":5}},"type":"if","locations":[{"start":{"line":47,"column":11},"end":{"line":49,"column":5}},{"start":{},"end":{}}],"line":47},"16":{"loc":{"start":{"line":52,"column":2},"end":{"line":54,"column":3}},"type":"if","locations":[{"start":{"line":52,"column":2},"end":{"line":54,"column":3}},{"start":{},"end":{}}],"line":52},"17":{"loc":{"start":{"line":64,"column":2},"end":{"line":64,"column":45}},"type":"if","locations":[{"start":{"line":64,"column":2},"end":{"line":64,"column":45}},{"start":{},"end":{}}],"line":64},"18":{"loc":{"start":{"line":65,"column":2},"end":{"line":65,"column":47}},"type":"if","locations":[{"start":{"line":65,"column":2},"end":{"line":65,"column":47}},{"start":{},"end":{}}],"line":65},"19":{"loc":{"start":{"line":68,"column":2},"end":{"line":70,"column":3}},"type":"if","locations":[{"start":{"line":68,"column":2},"end":{"line":70,"column":3}},{"start":{},"end":{}}],"line":68},"20":{"loc":{"start":{"line":68,"column":6},"end":{"line":68,"column":45}},"type":"binary-expr","locations":[{"start":{"line":68,"column":6},"end":{"line":68,"column":11}},{"start":{"line":68,"column":15},"end":{"line":68,"column":45}}],"line":68},"21":{"loc":{"start":{"line":72,"column":2},"end":{"line":74,"column":3}},"type":"if","locations":[{"start":{"line":72,"column":2},"end":{"line":74,"column":3}},{"start":{},"end":{}}],"line":72}},"s":{"0":2,"1":2,"2":2,"3":2,"4":0,"5":2,"6":0,"7":2,"8":0,"9":2,"10":0,"11":2,"12":0,"13":2,"14":0,"15":2,"16":0,"17":2,"18":0,"19":2,"20":2,"21":0,"22":0,"23":0,"24":0,"25":0,"26":0,"27":0,"28":0,"29":0,"30":0,"31":0,"32":0,"33":0,"34":0,"35":0,"36":0,"37":2,"38":0,"39":0,"40":0,"41":0,"42":0,"43":0,"44":0,"45":0,"46":0,"47":0,"48":0},"f":{"0":2,"1":0,"2":0},"b":{"0":[0,2],"1":[0,2],"2":[0,2],"3":[0,2],"4":[2,2,2],"5":[0,2],"6":[0,2],"7":[2,2,2,2],"8":[0,2],"9":[2,2,2],"10":[0,2],"11":[0,0],"12":[0,0],"13":[0,0],"14":[0,0],"15":[0,0],"16":[0,0],"17":[0,0],"18":[0,0],"19":[0,0],"20":[0,0],"21":[0,0]},"_coverageSchema":"1a1c01bbd47fc00a2c39e90264f33305004495a9","hash":"4d54f2e62c0c3f91c536968f6a53cfa1db1758c2"}
,"E:\\library_management_api\\src\\models\\author.model.js": {"path":"E:\\library_management_api\\src\\models\\author.model.js","statementMap":{"0":{"start":{"line":1,"column":0},"end":{"line":18,"column":2}},"1":{"start":{"line":2,"column":17},"end":{"line":15,"column":4}},"2":{"start":{"line":17,"column":2},"end":{"line":17,"column":16}}},"fnMap":{"0":{"name":"(anonymous_0)","decl":{"start":{"line":1,"column":17},"end":{"line":1,"column":18}},"loc":{"start":{"line":1,"column":43},"end":{"line":18,"column":1}},"line":1}},"branchMap":{},"s":{"0":2,"1":2,"2":2},"f":{"0":2},"b":{},"_coverageSchema":"1a1c01bbd47fc00a2c39e90264f33305004495a9","hash":"509fa02aa7a9db77f1256e21de56b88b5111c89e"}
,"E:\\library_management_api\\src\\models\\book.model.js": {"path":"E:\\library_management_api\\src\\models\\book.model.js","statementMap":{"0":{"start":{"line":1,"column":0},"end":{"line":68,"column":2}},"1":{"start":{"line":2,"column":15},"end":{"line":65,"column":4}},"2":{"start":{"line":21,"column":8},"end":{"line":21,"column":67}},"3":{"start":{"line":67,"column":2},"end":{"line":67,"column":14}}},"fnMap":{"0":{"name":"(anonymous_0)","decl":{"start":{"line":1,"column":17},"end":{"line":1,"column":18}},"loc":{"start":{"line":1,"column":43},"end":{"line":68,"column":1}},"line":1},"1":{"name":"(anonymous_1)","decl":{"start":{"line":20,"column":20},"end":{"line":20,"column":21}},"loc":{"start":{"line":21,"column":8},"end":{"line":21,"column":67}},"line":21}},"branchMap":{},"s":{"0":2,"1":2,"2":5,"3":2},"f":{"0":2,"1":5},"b":{},"_coverageSchema":"1a1c01bbd47fc00a2c39e90264f33305004495a9","hash":"a1a6230afcd532e365cbb4011a88e514eb02d493"}
,"E:\\library_management_api\\src\\models\\bookAuthor.model.js": {"path":"E:\\library_management_api\\src\\models\\bookAuthor.model.js","statementMap":{"0":{"start":{"line":1,"column":0},"end":{"line":17,"column":2}},"1":{"start":{"line":2,"column":21},"end":{"line":14,"column":3}},"2":{"start":{"line":16,"column":2},"end":{"line":16,"column":20}}},"fnMap":{"0":{"name":"(anonymous_0)","decl":{"start":{"line":1,"column":17},"end":{"line":1,"column":18}},"loc":{"start":{"line":1,"column":43},"end":{"line":17,"column":1}},"line":1}},"branchMap":{},"s":{"0":2,"1":2,"2":2},"f":{"0":2},"b":{},"_coverageSchema":"1a1c01bbd47fc00a2c39e90264f33305004495a9","hash":"5350514f06bb9b49067d2338490c7d9a357fcedf"}
,"E:\\library_management_api\\src\\models\\borrowing.model.js": {"path":"E:\\library_management_api\\src\\models\\borrowing.model.js","statementMap":{"0":{"start":{"line":1,"column":0},"end":{"line":48,"column":2}},"1":{"start":{"line":2,"column":20},"end":{"line":45,"column":4}},"2":{"start":{"line":29,"column":8},"end":{"line":31,"column":9}},"3":{"start":{"line":30,"column":10},"end":{"line":30,"column":48}},"4":{"start":{"line":32,"column":8},"end":{"line":32,"column":41}},"5":{"start":{"line":38,"column":8},"end":{"line":38,"column":35}},"6":{"start":{"line":38,"column":26},"end":{"line":38,"column":35}},"7":{"start":{"line":40,"column":28},"end":{"line":40,"column":74}},"8":{"start":{"line":41,"column":25},"end":{"line":41,"column":51}},"9":{"start":{"line":42,"column":8},"end":{"line":42,"column":59}},"10":{"start":{"line":47,"column":2},"end":{"line":47,"column":19}}},"fnMap":{"0":{"name":"(anonymous_0)","decl":{"start":{"line":1,"column":17},"end":{"line":1,"column":18}},"loc":{"start":{"line":1,"column":43},"end":{"line":48,"column":1}},"line":1},"1":{"name":"(anonymous_1)","decl":{"start":{"line":28,"column":6},"end":{"line":28,"column":7}},"loc":{"start":{"line":28,"column":12},"end":{"line":33,"column":7}},"line":28},"2":{"name":"(anonymous_2)","decl":{"start":{"line":37,"column":6},"end":{"line":37,"column":7}},"loc":{"start":{"line":37,"column":12},"end":{"line":43,"column":7}},"line":37}},"branchMap":{"0":{"loc":{"start":{"line":29,"column":8},"end":{"line":31,"column":9}},"type":"if","locations":[{"start":{"line":29,"column":8},"end":{"line":31,"column":9}},{"start":{},"end":{}}],"line":29},"1":{"loc":{"start":{"line":38,"column":8},"end":{"line":38,"column":35}},"type":"if","locations":[{"start":{"line":38,"column":8},"end":{"line":38,"column":35}},{"start":{},"end":{}}],"line":38},"2":{"loc":{"start":{"line":40,"column":28},"end":{"line":40,"column":74}},"type":"cond-expr","locations":[{"start":{"line":40,"column":46},"end":{"line":40,"column":61}},{"start":{"line":40,"column":64},"end":{"line":40,"column":74}}],"line":40}},"s":{"0":2,"1":2,"2":10,"3":4,"4":6,"5":5,"6":5,"7":0,"8":0,"9":0,"10":2},"f":{"0":2,"1":10,"2":5},"b":{"0":[4,6],"1":[5,0],"2":[0,0]},"_coverageSchema":"1a1c01bbd47fc00a2c39e90264f33305004495a9","hash":"24841dd39c8834430b666d9823969627b50589aa"}
,"E:\\library_management_api\\src\\models\\index.js": {"path":"E:\\library_management_api\\src\\models\\index.js","statementMap":{"0":{"start":{"line":1,"column":22},"end":{"line":1,"column":51}},"1":{"start":{"line":2,"column":22},"end":{"line":2,"column":42}},"2":{"start":{"line":5,"column":13},"end":{"line":5,"column":58}},"3":{"start":{"line":6,"column":15},"end":{"line":6,"column":62}},"4":{"start":{"line":7,"column":13},"end":{"line":7,"column":58}},"5":{"start":{"line":8,"column":18},"end":{"line":8,"column":68}},"6":{"start":{"line":9,"column":19},"end":{"line":9,"column":70}},"7":{"start":{"line":11,"column":0},"end":{"line":11,"column":52}},"8":{"start":{"line":12,"column":0},"end":{"line":12,"column":52}},"9":{"start":{"line":14,"column":0},"end":{"line":14,"column":24}},"10":{"start":{"line":15,"column":0},"end":{"line":15,"column":26}},"11":{"start":{"line":17,"column":0},"end":{"line":17,"column":24}},"12":{"start":{"line":18,"column":0},"end":{"line":18,"column":26}},"13":{"start":{"line":20,"column":0},"end":{"line":27,"column":2}}},"fnMap":{},"branchMap":{},"s":{"0":2,"1":2,"2":2,"3":2,"4":2,"5":2,"6":2,"7":2,"8":2,"9":2,"10":2,"11":2,"12":2,"13":2},"f":{},"b":{},"_coverageSchema":"1a1c01bbd47fc00a2c39e90264f33305004495a9","hash":"b550a8642fcdda26422621ccc37b45bdf580b675"}
,"E:\\library_management_api\\src\\models\\user.model.js": {"path":"E:\\library_management_api\\src\\models\\user.model.js","statementMap":{"0":{"start":{"line":1,"column":0},"end":{"line":33,"column":2}},"1":{"start":{"line":2,"column":15},"end":{"line":30,"column":3}},"2":{"start":{"line":32,"column":2},"end":{"line":32,"column":14}}},"fnMap":{"0":{"name":"(anonymous_0)","decl":{"start":{"line":1,"column":17},"end":{"line":1,"column":18}},"loc":{"start":{"line":1,"column":43},"end":{"line":33,"column":1}},"line":1}},"branchMap":{},"s":{"0":2,"1":2,"2":2},"f":{"0":2},"b":{},"_coverageSchema":"1a1c01bbd47fc00a2c39e90264f33305004495a9","hash":"7322752a98a67fc0f3ba582aeb26f2dc867ba9d1"}
,"E:\\library_management_api\\src\\routes\\book.routes.js": {"path":"E:\\library_management_api\\src\\routes\\book.routes.js","statementMap":{"0":{"start":{"line":13,"column":16},"end":{"line":13,"column":34}},"1":{"start":{"line":14,"column":15},"end":{"line":14,"column":31}},"2":{"start":{"line":15,"column":23},"end":{"line":15,"column":64}},"3":{"start":{"line":16,"column":25},"end":{"line":16,"column":71}},"4":{"start":{"line":19,"column":0},"end":{"line":19,"column":44}},"5":{"start":{"line":20,"column":0},"end":{"line":20,"column":47}},"6":{"start":{"line":21,"column":0},"end":{"line":21,"column":58}},"7":{"start":{"line":22,"column":0},"end":{"line":22,"column":60}},"8":{"start":{"line":23,"column":0},"end":{"line":23,"column":49}},"9":{"start":{"line":25,"column":0},"end":{"line":25,"column":24}}},"fnMap":{},"branchMap":{},"s":{"0":2,"1":2,"2":2,"3":2,"4":2,"5":2,"6":2,"7":2,"8":2,"9":2},"f":{},"b":{},"_coverageSchema":"1a1c01bbd47fc00a2c39e90264f33305004495a9","hash":"60f6d1c7445b12ea42ddcc9230340a311c8cddfe"}
,"E:\\library_management_api\\src\\routes\\borrowing.routes.js": {"path":"E:\\library_management_api\\src\\routes\\borrowing.routes.js","statementMap":{"0":{"start":{"line":1,"column":16},"end":{"line":1,"column":34}},"1":{"start":{"line":2,"column":15},"end":{"line":2,"column":31}},"2":{"start":{"line":3,"column":28},"end":{"line":3,"column":74}},"3":{"start":{"line":5,"column":0},"end":{"line":5,"column":54}},"4":{"start":{"line":6,"column":0},"end":{"line":6,"column":57}},"5":{"start":{"line":7,"column":0},"end":{"line":7,"column":55}},"6":{"start":{"line":8,"column":0},"end":{"line":8,"column":67}},"7":{"start":{"line":10,"column":0},"end":{"line":10,"column":24}}},"fnMap":{},"branchMap":{},"s":{"0":2,"1":2,"2":2,"3":2,"4":2,"5":2,"6":2,"7":2},"f":{},"b":{},"_coverageSchema":"1a1c01bbd47fc00a2c39e90264f33305004495a9","hash":"166f133c4b2b23fbf423f52a2516a21981354963"}
,"E:\\library_management_api\\src\\routes\\report.routes.js": {"path":"E:\\library_management_api\\src\\routes\\report.routes.js","statementMap":{"0":{"start":{"line":1,"column":16},"end":{"line":1,"column":34}},"1":{"start":{"line":2,"column":15},"end":{"line":2,"column":31}},"2":{"start":{"line":3,"column":25},"end":{"line":3,"column":68}},"3":{"start":{"line":5,"column":0},"end":{"line":5,"column":57}},"4":{"start":{"line":7,"column":0},"end":{"line":7,"column":24}}},"fnMap":{},"branchMap":{},"s":{"0":2,"1":2,"2":2,"3":2,"4":2},"f":{},"b":{},"_coverageSchema":"1a1c01bbd47fc00a2c39e90264f33305004495a9","hash":"742c8bfb1219c3208df1a9a3ed5d17833f042ddd"}
,"E:\\library_management_api\\src\\routes\\user.routes.js": {"path":"E:\\library_management_api\\src\\routes\\user.routes.js","statementMap":{"0":{"start":{"line":1,"column":16},"end":{"line":1,"column":34}},"1":{"start":{"line":2,"column":15},"end":{"line":2,"column":31}},"2":{"start":{"line":3,"column":23},"end":{"line":3,"column":64}},"3":{"start":{"line":5,"column":0},"end":{"line":5,"column":44}},"4":{"start":{"line":6,"column":0},"end":{"line":6,"column":47}},"5":{"start":{"line":7,"column":0},"end":{"line":7,"column":44}},"6":{"start":{"line":8,"column":0},"end":{"line":8,"column":64}},"7":{"start":{"line":10,"column":0},"end":{"line":10,"column":24}}},"fnMap":{},"branchMap":{},"s":{"0":2,"1":2,"2":2,"3":2,"4":2,"5":2,"6":2,"7":2},"f":{},"b":{},"_coverageSchema":"1a1c01bbd47fc00a2c39e90264f33305004495a9","hash":"52720be4056a1f8fb3dfde9f35908ef8a76c972c"}
}
