TN:
SF:src\app.js
FN:31,(anonymous_0)
FNF:1
FNH:0
FNDA:0,(anonymous_0)
DA:1,2
DA:2,2
DA:3,2
DA:4,2
DA:5,2
DA:8,2
DA:9,2
DA:10,2
DA:12,2
DA:16,2
DA:19,2
DA:20,2
DA:21,2
DA:22,2
DA:25,2
DA:26,2
DA:27,2
DA:28,2
DA:31,2
DA:32,0
DA:35,2
LF:21
LH:20
BRF:0
BRH:0
end_of_record
TN:
SF:src\config\database.js
FN:16,(anonymous_0)
FNF:1
FNH:0
FNDA:0,(anonymous_0)
DA:1,2
DA:2,2
DA:3,2
DA:5,2
DA:6,2
DA:7,0
DA:10,2
DA:16,2
DA:17,0
DA:18,0
DA:19,0
DA:21,0
DA:22,0
DA:24,0
DA:28,2
DA:29,0
DA:32,2
LF:17
LH:9
BRDA:6,0,0,0
BRDA:6,0,1,2
BRDA:28,1,0,0
BRDA:28,1,1,2
BRF:4
BRH:2
end_of_record
TN:
SF:src\controllers\book.controller.js
FN:5,(anonymous_0)
FN:54,(anonymous_1)
FN:74,(anonymous_2)
FN:127,(anonymous_3)
FN:178,(anonymous_4)
FN:210,(anonymous_5)
FNF:6
FNH:5
FNDA:0,(anonymous_0)
FNDA:2,(anonymous_1)
FNDA:1,(anonymous_2)
FNDA:1,(anonymous_3)
FNDA:1,(anonymous_4)
FNDA:2,(anonymous_5)
DA:1,2
DA:2,2
DA:5,2
DA:6,0
DA:7,0
DA:8,0
DA:9,0
DA:10,0
DA:11,0
DA:13,0
DA:14,0
DA:22,0
DA:39,0
DA:46,0
DA:47,0
DA:54,2
DA:55,2
DA:56,2
DA:60,2
DA:61,1
DA:64,1
DA:66,0
DA:67,0
DA:74,2
DA:75,1
DA:77,1
DA:79,1
DA:80,1
DA:81,0
DA:84,1
DA:85,1
DA:86,0
DA:91,1
DA:103,1
DA:104,1
DA:105,1
DA:109,1
DA:111,1
DA:112,1
DA:116,1
DA:118,0
DA:119,0
DA:120,0
DA:127,2
DA:128,1
DA:129,1
DA:131,1
DA:132,1
DA:133,1
DA:134,1
DA:135,1
DA:136,0
DA:138,1
DA:153,1
DA:154,1
DA:155,1
DA:156,1
DA:157,1
DA:161,1
DA:164,1
DA:165,1
DA:168,1
DA:170,0
DA:171,0
DA:172,0
DA:178,2
DA:179,1
DA:180,1
DA:181,1
DA:182,1
DA:183,0
DA:187,1
DA:194,1
DA:195,0
DA:199,1
DA:200,1
DA:202,0
DA:203,0
DA:210,2
DA:211,2
DA:212,2
DA:213,2
DA:215,2
DA:224,2
DA:228,2
DA:243,2
DA:250,0
DA:251,0
LF:88
LH:59
BRDA:7,0,0,0
BRDA:7,0,1,0
BRDA:8,1,0,0
BRDA:8,1,1,0
BRDA:13,2,0,0
BRDA:13,2,1,0
BRDA:28,3,0,0
BRDA:28,3,1,0
BRDA:60,4,0,1
BRDA:60,4,1,1
BRDA:80,5,0,0
BRDA:80,5,1,1
BRDA:80,6,0,1
BRDA:80,6,1,1
BRDA:80,6,2,1
BRDA:80,6,3,1
BRDA:80,6,4,1
BRDA:85,7,0,0
BRDA:85,7,1,1
BRDA:97,8,0,1
BRDA:97,8,1,0
BRDA:103,9,0,1
BRDA:103,9,1,0
BRDA:135,10,0,0
BRDA:135,10,1,1
BRDA:140,11,0,1
BRDA:140,11,1,0
BRDA:141,12,0,1
BRDA:141,12,1,0
BRDA:142,13,0,1
BRDA:142,13,1,0
BRDA:143,14,0,1
BRDA:143,14,1,1
BRDA:144,15,0,1
BRDA:144,15,1,0
BRDA:145,16,0,1
BRDA:145,16,1,0
BRDA:146,17,0,1
BRDA:146,17,1,0
BRDA:153,18,0,1
BRDA:153,18,1,0
BRDA:154,19,0,1
BRDA:154,19,1,0
BRDA:182,20,0,0
BRDA:182,20,1,1
BRDA:194,21,0,0
BRDA:194,21,1,1
BRDA:212,22,0,2
BRDA:212,23,0,2
BRDA:215,24,0,1
BRDA:215,24,1,1
BRDA:224,25,0,0
BRDA:224,25,1,2
BRDA:234,26,0,2
BRDA:234,26,1,2
BRF:55
BRH:31
end_of_record
TN:
SF:src\controllers\borrowing.controller.js
FN:5,(anonymous_0)
FN:61,(anonymous_1)
FN:101,(anonymous_2)
FN:129,(anonymous_3)
FNF:4
FNH:3
FNDA:2,(anonymous_0)
FNDA:1,(anonymous_1)
FNDA:1,(anonymous_2)
FNDA:0,(anonymous_3)
DA:1,2
DA:2,2
DA:5,2
DA:6,2
DA:7,2
DA:8,2
DA:9,0
DA:13,2
DA:14,2
DA:15,0
DA:17,2
DA:18,0
DA:23,2
DA:24,2
DA:25,0
DA:28,2
DA:29,2
DA:32,2
DA:40,2
DA:44,2
DA:53,0
DA:54,0
DA:61,2
DA:62,1
DA:63,1
DA:64,1
DA:68,1
DA:69,0
DA:71,1
DA:72,0
DA:76,1
DA:80,1
DA:84,1
DA:93,0
DA:94,0
DA:101,2
DA:102,1
DA:103,1
DA:104,1
DA:105,1
DA:107,1
DA:114,1
DA:121,0
DA:122,0
DA:129,2
DA:130,0
DA:131,0
DA:135,0
DA:136,0
DA:139,0
DA:141,0
DA:142,0
LF:52
LH:33
BRDA:8,0,0,0
BRDA:8,0,1,2
BRDA:8,1,0,2
BRDA:8,1,1,2
BRDA:14,2,0,0
BRDA:14,2,1,2
BRDA:17,3,0,0
BRDA:17,3,1,2
BRDA:24,4,0,0
BRDA:24,4,1,2
BRDA:29,5,0,0
BRDA:29,5,1,2
BRDA:68,6,0,0
BRDA:68,6,1,1
BRDA:71,7,0,0
BRDA:71,7,1,1
BRDA:103,8,0,1
BRDA:103,8,1,1
BRDA:104,9,0,1
BRDA:104,9,1,1
BRDA:135,10,0,0
BRDA:135,10,1,0
BRF:22
BRH:13
end_of_record
TN:
SF:src\controllers\report.controller.js
FN:6,(anonymous_0)
FN:33,(anonymous_1)
FNF:2
FNH:0
FNDA:0,(anonymous_0)
FNDA:0,(anonymous_1)
DA:1,2
DA:2,2
DA:3,2
DA:6,2
DA:7,0
DA:8,0
DA:9,0
DA:10,0
DA:13,0
DA:33,0
DA:34,0
DA:35,0
DA:38,0
DA:39,0
DA:40,0
DA:42,0
DA:45,0
DA:51,0
DA:58,0
DA:59,0
LF:20
LH:4
BRDA:8,0,0,0
BRDA:8,0,1,0
BRDA:9,1,0,0
BRDA:9,1,1,0
BRDA:38,2,0,0
BRDA:38,2,1,0
BRDA:47,3,0,0
BRDA:47,3,1,0
BRF:8
BRH:0
end_of_record
TN:
SF:src\controllers\user.controller.js
FN:4,(anonymous_0)
FN:20,(anonymous_1)
FN:38,(anonymous_2)
FN:65,(anonymous_3)
FNF:4
FNH:0
FNDA:0,(anonymous_0)
FNDA:0,(anonymous_1)
FNDA:0,(anonymous_2)
FNDA:0,(anonymous_3)
DA:1,2
DA:4,2
DA:5,0
DA:6,0
DA:7,0
DA:12,0
DA:13,0
DA:20,2
DA:21,0
DA:22,0
DA:24,0
DA:25,0
DA:28,0
DA:30,0
DA:31,0
DA:38,2
DA:39,0
DA:40,0
DA:41,0
DA:42,0
DA:44,0
DA:45,0
DA:46,0
DA:50,0
DA:55,0
DA:57,0
DA:58,0
DA:65,2
DA:66,0
DA:67,0
DA:69,0
DA:70,0
DA:71,0
DA:73,0
DA:79,0
DA:88,0
DA:89,0
LF:37
LH:5
BRDA:24,0,0,0
BRDA:24,0,1,0
BRDA:41,1,0,0
BRDA:41,1,1,0
BRDA:41,2,0,0
BRDA:41,2,1,0
BRDA:45,3,0,0
BRDA:45,3,1,0
BRDA:70,4,0,0
BRDA:70,4,1,0
BRF:10
BRH:0
end_of_record
TN:
SF:src\middleware\validation.middleware.js
FN:2,(anonymous_0)
FN:34,(anonymous_1)
FN:60,(anonymous_2)
FNF:3
FNH:1
FNDA:2,(anonymous_0)
FNDA:0,(anonymous_1)
FNDA:0,(anonymous_2)
DA:2,2
DA:3,2
DA:4,2
DA:6,2
DA:7,2
DA:8,2
DA:9,2
DA:10,0
DA:11,2
DA:13,2
DA:19,0
DA:22,2
DA:23,0
DA:26,2
DA:27,0
DA:30,2
DA:34,2
DA:35,0
DA:36,0
DA:38,0
DA:39,0
DA:41,0
DA:42,0
DA:43,0
DA:45,0
DA:46,0
DA:47,0
DA:48,0
DA:52,0
DA:53,0
DA:56,0
DA:60,2
DA:61,0
DA:62,0
DA:64,0
DA:65,0
DA:68,0
DA:69,0
DA:72,0
DA:73,0
DA:76,0
LF:41
LH:14
BRDA:6,0,0,0
BRDA:6,0,1,2
BRDA:7,1,0,0
BRDA:7,1,1,2
BRDA:8,2,0,0
BRDA:8,2,1,2
BRDA:9,3,0,0
BRDA:9,3,1,2
BRDA:9,4,0,2
BRDA:9,4,1,2
BRDA:9,4,2,2
BRDA:11,5,0,0
BRDA:11,5,1,2
BRDA:13,6,0,0
BRDA:13,6,1,2
BRDA:14,7,0,2
BRDA:14,7,1,2
BRDA:14,7,2,2
BRDA:14,7,3,2
BRDA:22,8,0,0
BRDA:22,8,1,2
BRDA:22,9,0,2
BRDA:22,9,1,2
BRDA:22,9,2,2
BRDA:26,10,0,0
BRDA:26,10,1,2
BRDA:38,11,0,0
BRDA:38,11,1,0
BRDA:39,12,0,0
BRDA:39,12,1,0
BRDA:41,13,0,0
BRDA:41,13,1,0
BRDA:45,14,0,0
BRDA:45,14,1,0
BRDA:47,15,0,0
BRDA:47,15,1,0
BRDA:52,16,0,0
BRDA:52,16,1,0
BRDA:64,17,0,0
BRDA:64,17,1,0
BRDA:65,18,0,0
BRDA:65,18,1,0
BRDA:68,19,0,0
BRDA:68,19,1,0
BRDA:68,20,0,0
BRDA:68,20,1,0
BRDA:72,21,0,0
BRDA:72,21,1,0
BRF:48
BRH:18
end_of_record
TN:
SF:src\models\author.model.js
FN:1,(anonymous_0)
FNF:1
FNH:1
FNDA:2,(anonymous_0)
DA:1,2
DA:2,2
DA:17,2
LF:3
LH:3
BRF:0
BRH:0
end_of_record
TN:
SF:src\models\book.model.js
FN:1,(anonymous_0)
FN:20,(anonymous_1)
FNF:2
FNH:2
FNDA:2,(anonymous_0)
FNDA:5,(anonymous_1)
DA:1,2
DA:2,2
DA:21,5
DA:67,2
LF:4
LH:4
BRF:0
BRH:0
end_of_record
TN:
SF:src\models\bookAuthor.model.js
FN:1,(anonymous_0)
FNF:1
FNH:1
FNDA:2,(anonymous_0)
DA:1,2
DA:2,2
DA:16,2
LF:3
LH:3
BRF:0
BRH:0
end_of_record
TN:
SF:src\models\borrowing.model.js
FN:1,(anonymous_0)
FN:28,(anonymous_1)
FN:37,(anonymous_2)
FNF:3
FNH:3
FNDA:2,(anonymous_0)
FNDA:8,(anonymous_1)
FNDA:4,(anonymous_2)
DA:1,2
DA:2,2
DA:29,8
DA:30,4
DA:32,4
DA:38,4
DA:40,0
DA:41,0
DA:42,0
DA:47,2
LF:10
LH:7
BRDA:29,0,0,4
BRDA:29,0,1,4
BRDA:38,1,0,4
BRDA:38,1,1,0
BRDA:40,2,0,0
BRDA:40,2,1,0
BRF:6
BRH:3
end_of_record
TN:
SF:src\models\index.js
FNF:0
FNH:0
DA:1,2
DA:2,2
DA:4,2
DA:5,2
DA:6,2
DA:7,2
DA:8,2
DA:10,2
DA:11,2
DA:13,2
DA:14,2
DA:16,2
DA:17,2
DA:19,2
LF:14
LH:14
BRF:0
BRH:0
end_of_record
TN:
SF:src\models\user.model.js
FN:1,(anonymous_0)
FNF:1
FNH:1
FNDA:2,(anonymous_0)
DA:1,2
DA:2,2
DA:32,2
LF:3
LH:3
BRF:0
BRH:0
end_of_record
TN:
SF:src\routes\book.routes.js
FNF:0
FNH:0
DA:13,2
DA:14,2
DA:15,2
DA:16,2
DA:19,2
DA:20,2
DA:21,2
DA:22,2
DA:23,2
DA:25,2
LF:10
LH:10
BRF:0
BRH:0
end_of_record
TN:
SF:src\routes\borrowing.routes.js
FNF:0
FNH:0
DA:1,2
DA:2,2
DA:3,2
DA:5,2
DA:6,2
DA:7,2
DA:8,2
DA:10,2
LF:8
LH:8
BRF:0
BRH:0
end_of_record
TN:
SF:src\routes\report.routes.js
FNF:0
FNH:0
DA:1,2
DA:2,2
DA:3,2
DA:5,2
DA:7,2
LF:5
LH:5
BRF:0
BRH:0
end_of_record
TN:
SF:src\routes\user.routes.js
FNF:0
FNH:0
DA:1,2
DA:2,2
DA:3,2
DA:4,2
DA:6,2
DA:7,2
DA:8,2
DA:9,2
DA:11,2
LF:9
LH:9
BRF:0
BRH:0
end_of_record
